This is pdfTeX, Version 3.1415926-2.3-1.40.12 (MiKTeX 2.9) (preloaded format=pdflatex 2014.4.7)  16 AUG 2014 11:43
entering extended mode
**E:/CTGUMCM2014/Problem6/LaTeX/paper.tex
(E:/CTGUMCM2014/Problem6/LaTeX/paper.tex
LaTeX2e <2011/06/27>
Babel <v3.8m> and hyphenation patterns for loaded.
(E:\CTGUMCM2014\Problem6\LaTeX\cumcmart.cls
Document Class: cumcmart 2005/06/14 v050601, by Mao Ziyang£¬Amend 2010 by China
TeX
("D:\Program Files\CTEX\CTeX\tex\latex\cct\cctart.cls"
Document Class: cctart 2004/10/14 Derived from the `article' class
("D:\Program Files\CTEX\MiKTeX\tex\latex\base\article.cls"
Document Class: article 2007/10/19 v1.4h Standard LaTeX document class
("D:\Program Files\CTEX\MiKTeX\tex\latex\base\size10.clo"
File: size10.clo 2007/10/19 v1.4h Standard LaTeX file (size option)
)
\c@part=\count79
\c@section=\count80
\c@subsection=\count81
\c@subsubsection=\count82
\c@paragraph=\count83
\c@subparagraph=\count84
\c@figure=\count85
\c@table=\count86
\abovecaptionskip=\skip41
\belowcaptionskip=\skip42
\bibindent=\dimen102
)
("D:\Program Files\CTEX\CTeX\tex\latex\cct\cctbase.sty"
Package: cctbase 2006/05/17

("D:\Program Files\CTEX\CTeX\tex\latex\cct\CCT.sty" 0.61803 [2009/11/20]
("D:\Program Files\CTEX\CTeX\tex\latex\cct\cchead.sty"
\!ZihaoNo=\count87
\ccwd=\dimen103
\ccht=\dimen104
\ccdp=\dimen105
\!ccbox=\box26
\!ccbdskip=\skip43
)
Package: CCT 2009/11/20 0.61803
\@CCTcnta=\count88
\@CCTcntb=\count89
\@CCTlastkern=\count90
\@CCTglue=\skip44
\@CCTtoks=\toks14

("D:\Program Files\CTEX\CTeX\tex\latex\cct\CCT.cfg")
("D:\Program Files\CTEX\CTeX\tex\latex\cct\GBKkern.cfg")
("D:\Program Files\CTEX\CTeX\tex\latex\CJK\GB\c19song.fd") (\ziti{A}->gbksong)
\@CCTskip=\skip45
)))
\xuanti=\toks15
\numbers=\toks16
\school=\toks17
\authorone=\toks18
\authortwo=\toks19
\authorthree=\toks20
\advisor=\toks21
\theday=\toks22
 ("D:\Program Files\CTEX\MiKTeX\tex\latex\geometry\geometry.sty"
Package: geometry 2010/09/12 v5.6 Page Geometry

("D:\Program Files\CTEX\MiKTeX\tex\latex\graphics\keyval.sty"
Package: keyval 1999/03/16 v1.13 key=value parser (DPC)
\KV@toks@=\toks23
)
("D:\Program Files\CTEX\MiKTeX\tex\generic\oberdiek\ifpdf.sty"
Package: ifpdf 2011/01/30 v2.3 Provides the ifpdf switch (HO)
Package ifpdf Info: pdfTeX in PDF mode is detected.
)
("D:\Program Files\CTEX\MiKTeX\tex\generic\oberdiek\ifvtex.sty"
Package: ifvtex 2010/03/01 v1.5 Switches for detecting VTeX and its modes (HO)
Package ifvtex Info: VTeX not detected.
)
("D:\Program Files\CTEX\MiKTeX\tex\generic\ifxetex\ifxetex.sty"
Package: ifxetex 2010/09/12 v0.6 Provides ifxetex conditional
)
\Gm@cnth=\count91
\Gm@cntv=\count92
\c@Gm@tempcnt=\count93
\Gm@bindingoffset=\dimen106
\Gm@wd@mp=\dimen107
\Gm@odd@mp=\dimen108
\Gm@even@mp=\dimen109
\Gm@layoutwidth=\dimen110
\Gm@layoutheight=\dimen111
\Gm@layouthoffset=\dimen112
\Gm@layoutvoffset=\dimen113
\Gm@dimlist=\toks24

("D:\Program Files\CTEX\MiKTeX\tex\latex\geometry\geometry.cfg"))
\c@theorem=\count94
\c@proposition=\count95
\c@lemma=\count96
\c@corollary=\count97
\c@definition=\count98
\c@example=\count99
)
("D:\Program Files\CTEX\MiKTeX\tex\latex\graphics\graphicx.sty"
Package: graphicx 1999/02/16 v1.0f Enhanced LaTeX Graphics (DPC,SPQR)

("D:\Program Files\CTEX\MiKTeX\tex\latex\graphics\graphics.sty"
Package: graphics 2009/02/05 v1.0o Standard LaTeX Graphics (DPC,SPQR)

("D:\Program Files\CTEX\MiKTeX\tex\latex\graphics\trig.sty"
Package: trig 1999/03/16 v1.09 sin cos tan (DPC)
)
("D:\Program Files\CTEX\MiKTeX\tex\latex\00miktex\graphics.cfg"
File: graphics.cfg 2007/01/18 v1.5 graphics configuration of teTeX/TeXLive
)
Package graphics Info: Driver file: pdftex.def on input line 91.

("D:\Program Files\CTEX\MiKTeX\tex\latex\pdftex-def\pdftex.def"
File: pdftex.def 2011/05/27 v0.06d Graphics/color for pdfTeX

("D:\Program Files\CTEX\MiKTeX\tex\generic\oberdiek\infwarerr.sty"
Package: infwarerr 2010/04/08 v1.3 Providing info/warning/message (HO)
)
("D:\Program Files\CTEX\MiKTeX\tex\generic\oberdiek\ltxcmds.sty"
Package: ltxcmds 2011/04/18 v1.20 LaTeX kernel commands for general use (HO)
)
\Gread@gobject=\count100
))
\Gin@req@height=\dimen114
\Gin@req@width=\dimen115
)
("D:\Program Files\CTEX\MiKTeX\tex\latex\bbding\bbding.sty"
Package: bbding 1999/04/15 v1.01 Dingbats symbols
)
("D:\Program Files\CTEX\MiKTeX\tex\latex\ltxmisc\url.sty"
\Urlmuskip=\muskip10
Package: url 2006/04/12  ver 3.3  Verb mode for urls, etc.
)
("D:\Program Files\CTEX\MiKTeX\tex\latex\booktabs\booktabs.sty"
Package: booktabs 2005/04/14 v1.61803 publication quality tables
\heavyrulewidth=\dimen116
\lightrulewidth=\dimen117
\cmidrulewidth=\dimen118
\belowrulesep=\dimen119
\belowbottomsep=\dimen120
\aboverulesep=\dimen121
\abovetopsep=\dimen122
\cmidrulesep=\dimen123
\cmidrulekern=\dimen124
\defaultaddspace=\dimen125
\@cmidla=\count101
\@cmidlb=\count102
\@aboverulesep=\dimen126
\@belowrulesep=\dimen127
\@thisruleclass=\count103
\@lastruleclass=\count104
\@thisrulewidth=\dimen128
)
("D:\Program Files\CTEX\MiKTeX\tex\latex\cjk\CJK.sty"
Package: CJK 2008/12/29 4.8.2

("D:\Program Files\CTEX\MiKTeX\tex\latex\cjk\mule\MULEenc.sty"
Package: MULEenc 2008/12/29 4.8.2
)
("D:\Program Files\CTEX\MiKTeX\tex\latex\cjk\CJK.enc"
File: CJK.enc 2008/12/29 4.8.2
)
LaTeX Info: Redefining \selectfont on input line 756.
\CJK@indent=\box27
)
("D:\Program Files\CTEX\MiKTeX\tex\latex\subfigure\subfigure.sty"
Package: subfigure 2002/07/30 v2.1.4 subfigure package
\subfigtopskip=\skip46
\subfigcapskip=\skip47
\subfigcaptopadj=\dimen129
\subfigbottomskip=\skip48
\subfigcapmargin=\dimen130
\subfiglabelskip=\skip49
\c@subfigure=\count105
\c@lofdepth=\count106
\c@subtable=\count107
\c@lotdepth=\count108

****************************************
* Local config file subfigure.cfg used *
****************************************
("D:\Program Files\CTEX\MiKTeX\tex\latex\subfigure\subfigure.cfg")
\subfig@top=\skip50
\subfig@bottom=\skip51
)
("D:\Program Files\CTEX\CTeX\tex\latex\cct\everb.sty"
Package: everb 2006/11/10 0.2.10
 0.2.10 [2006/11/10]
("D:\Program Files\CTEX\MiKTeX\tex\latex\graphics\color.sty"
Package: color 2005/11/14 v1.0j Standard LaTeX Color (DPC)

("D:\Program Files\CTEX\MiKTeX\tex\latex\00miktex\color.cfg"
File: color.cfg 2007/01/18 v1.5 color configuration of teTeX/TeXLive
)
Package color Info: Driver file: pdftex.def on input line 130.
)
\everb@width=\dimen131
\everb@dima=\dimen132
\everb@charcnt=\count109
\everb@group@level=\count110
\everb@toks=\toks25
\everb@toks@save=\toks26
\everb@check@save=\toks27
\everb@boxa=\box28
\c@everb@lineno=\count111
\c@everb@fileno=\count112
\@tempboxb=\box29
\fboxradius=\dimen133
)
("D:\Program Files\CTEX\MiKTeX\tex\latex\ams\math\amsmath.sty"
Package: amsmath 2000/07/18 v2.13 AMS math features
\@mathmargin=\skip52

For additional information on amsmath, use the `?' option.
("D:\Program Files\CTEX\MiKTeX\tex\latex\ams\math\amstext.sty"
Package: amstext 2000/06/29 v2.01

("D:\Program Files\CTEX\MiKTeX\tex\latex\ams\math\amsgen.sty"
File: amsgen.sty 1999/11/30 v2.0
\@emptytoks=\toks28
\ex@=\dimen134
))
("D:\Program Files\CTEX\MiKTeX\tex\latex\ams\math\amsbsy.sty"
Package: amsbsy 1999/11/29 v1.2d
\pmbraise@=\dimen135
)
("D:\Program Files\CTEX\MiKTeX\tex\latex\ams\math\amsopn.sty"
Package: amsopn 1999/12/14 v2.01 operator names
)
\inf@bad=\count113
LaTeX Info: Redefining \frac on input line 211.
\uproot@=\count114
\leftroot@=\count115
LaTeX Info: Redefining \overline on input line 307.
\classnum@=\count116
\DOTSCASE@=\count117
LaTeX Info: Redefining \ldots on input line 379.
LaTeX Info: Redefining \dots on input line 382.
LaTeX Info: Redefining \cdots on input line 467.
\Mathstrutbox@=\box30
\strutbox@=\box31
\big@size=\dimen136
LaTeX Font Info:    Redeclaring font encoding OML on input line 567.
LaTeX Font Info:    Redeclaring font encoding OMS on input line 568.
\macc@depth=\count118
\c@MaxMatrixCols=\count119
\dotsspace@=\muskip11
\c@parentequation=\count120
\dspbrk@lvl=\count121
\tag@help=\toks29
\row@=\count122
\column@=\count123
\maxfields@=\count124
\andhelp@=\toks30
\eqnshift@=\dimen137
\alignsep@=\dimen138
\tagshift@=\dimen139
\tagwidth@=\dimen140
\totwidth@=\dimen141
\lineht@=\dimen142
\@envbody=\toks31
\multlinegap=\skip53
\multlinetaggap=\skip54
\mathdisplay@stack=\toks32
LaTeX Info: Redefining \[ on input line 2666.
LaTeX Info: Redefining \] on input line 2667.
)
("D:\Program Files\CTEX\MiKTeX\tex\latex\amsfonts\amssymb.sty"
Package: amssymb 2009/06/22 v3.00

("D:\Program Files\CTEX\MiKTeX\tex\latex\amsfonts\amsfonts.sty"
Package: amsfonts 2009/06/22 v3.00 Basic AMSFonts support
\symAMSa=\mathgroup4
\symAMSb=\mathgroup5
LaTeX Font Info:    Overwriting math alphabet `\mathfrak' in version `bold'
(Font)                  U/euf/m/n --> U/euf/b/n on input line 96.
))
("D:\Program Files\CTEX\MiKTeX\tex\latex\multirow\multirow.sty"
\bigstrutjot=\dimen143
)
("D:\Program Files\CTEX\MiKTeX\tex\latex\fancybox\fancybox.sty"
Package: fancybox 2010/05/15 1.4

Style option: `fancybox' v1.4 <2010/05/15> (tvz)
\@fancybox=\box32
\shadowsize=\dimen144
\@Sbox=\box33
\do@VerbBox=\toks33
\the@fancyput=\toks34
\this@fancyput=\toks35
\EndVerbatimTokens=\toks36
\Verbatim@Outfile=\write3
\Verbatim@Infile=\read1
) ("D:\Program Files\CTEX\MiKTeX\tex\latex\xcolor\xcolor.sty"
Package: xcolor 2007/01/21 v2.11 LaTeX color extensions (UK)

("D:\Program Files\CTEX\MiKTeX\tex\latex\00miktex\color.cfg"
File: color.cfg 2007/01/18 v1.5 color configuration of teTeX/TeXLive
)
Package xcolor Info: Driver file: pdftex.def on input line 225.
LaTeX Info: Redefining \color on input line 702.
Package xcolor Info: Model `cmy' substituted by `cmy0' on input line 1337.
Package xcolor Info: Model `hsb' substituted by `rgb' on input line 1341.
Package xcolor Info: Model `RGB' extended on input line 1353.
Package xcolor Info: Model `HTML' substituted by `rgb' on input line 1355.
Package xcolor Info: Model `Hsb' substituted by `hsb' on input line 1356.
Package xcolor Info: Model `tHsb' substituted by `hsb' on input line 1357.
Package xcolor Info: Model `HSB' substituted by `hsb' on input line 1358.
Package xcolor Info: Model `Gray' substituted by `gray' on input line 1359.
Package xcolor Info: Model `wave' substituted by `hsb' on input line 1360.

("D:\Program Files\CTEX\MiKTeX\tex\latex\graphics\dvipsnam.def"
File: dvipsnam.def 1999/02/16 v3.0i Driver-dependant file (DPC,SPQR)
)
("D:\Program Files\CTEX\MiKTeX\tex\latex\xcolor\svgnam.def"
File: svgnam.def 2007/01/21 v2.11 Predefined colors according to SVG 1.1 (UK)
)
("D:\Program Files\CTEX\MiKTeX\tex\latex\xcolor\x11nam.def"
File: x11nam.def 2007/01/21 v2.11 Predefined colors according to Unix/X11 (UK)
))
\c@thm=\count125


LaTeX Warning: Unused global option(s):
    [CJK].

(E:\CTGUMCM2014\Problem6\LaTeX\paper.aux)
LaTeX Font Info:    Checking defaults for OML/cmm/m/it on input line 20.
LaTeX Font Info:    ... okay on input line 20.
LaTeX Font Info:    Checking defaults for T1/cmr/m/n on input line 20.
LaTeX Font Info:    ... okay on input line 20.
LaTeX Font Info:    Checking defaults for OT1/cmr/m/n on input line 20.
LaTeX Font Info:    ... okay on input line 20.
LaTeX Font Info:    Checking defaults for OMS/cmsy/m/n on input line 20.
LaTeX Font Info:    ... okay on input line 20.
LaTeX Font Info:    Checking defaults for OMX/cmex/m/n on input line 20.
LaTeX Font Info:    ... okay on input line 20.
LaTeX Font Info:    Checking defaults for U/cmr/m/n on input line 20.
LaTeX Font Info:    ... okay on input line 20.
LaTeX Font Info:    Checking defaults for C00/song/m/n on input line 20.
LaTeX Font Info:    ... okay on input line 20.
LaTeX Font Info:    Checking defaults for C05/song/m/n on input line 20.
LaTeX Font Info:    ... okay on input line 20.
LaTeX Font Info:    Checking defaults for C09/song/m/n on input line 20.
LaTeX Font Info:    ... okay on input line 20.
LaTeX Font Info:    Checking defaults for C10/song/m/n on input line 20.
LaTeX Font Info:    ... okay on input line 20.
LaTeX Font Info:    Checking defaults for C20/song/m/n on input line 20.
LaTeX Font Info:    ... okay on input line 20.
LaTeX Font Info:    Checking defaults for C19/song/m/n on input line 20.
LaTeX Font Info:    ... okay on input line 20.
LaTeX Font Info:    Checking defaults for C40/song/m/n on input line 20.
LaTeX Font Info:    ... okay on input line 20.
LaTeX Font Info:    Checking defaults for C42/song/m/n on input line 20.
LaTeX Font Info:    ... okay on input line 20.
LaTeX Font Info:    Checking defaults for C43/song/m/n on input line 20.
LaTeX Font Info:    ... okay on input line 20.
LaTeX Font Info:    Checking defaults for C50/song/m/n on input line 20.
LaTeX Font Info:    ... okay on input line 20.
LaTeX Font Info:    Checking defaults for C52/song/m/n on input line 20.
LaTeX Font Info:    ... okay on input line 20.
LaTeX Font Info:    Checking defaults for C49/song/m/n on input line 20.
LaTeX Font Info:    ... okay on input line 20.
LaTeX Font Info:    Checking defaults for C60/mj/m/n on input line 20.
LaTeX Font Info:    ... okay on input line 20.
LaTeX Font Info:    Checking defaults for C61/mj/m/n on input line 20.
LaTeX Font Info:    ... okay on input line 20.
LaTeX Font Info:    Checking defaults for C63/mj/m/n on input line 20.
LaTeX Font Info:    ... okay on input line 20.
LaTeX Font Info:    Checking defaults for C64/mj/m/n on input line 20.
LaTeX Font Info:    ... okay on input line 20.
LaTeX Font Info:    Checking defaults for C65/mj/m/n on input line 20.
LaTeX Font Info:    ... okay on input line 20.
LaTeX Font Info:    Checking defaults for C70/song/m/n on input line 20.
LaTeX Font Info:    ... okay on input line 20.
LaTeX Font Info:    Checking defaults for C31/song/m/n on input line 20.
LaTeX Font Info:    ... okay on input line 20.
LaTeX Font Info:    Checking defaults for C32/song/m/n on input line 20.
LaTeX Font Info:    ... okay on input line 20.
LaTeX Font Info:    Checking defaults for C33/song/m/n on input line 20.
LaTeX Font Info:    ... okay on input line 20.
LaTeX Font Info:    Checking defaults for C34/song/m/n on input line 20.
LaTeX Font Info:    ... okay on input line 20.
LaTeX Font Info:    Checking defaults for C35/song/m/n on input line 20.
LaTeX Font Info:    ... okay on input line 20.
LaTeX Font Info:    Checking defaults for C36/song/m/n on input line 20.
LaTeX Font Info:    ... okay on input line 20.
LaTeX Font Info:    Checking defaults for C37/song/m/n on input line 20.
LaTeX Font Info:    ... okay on input line 20.
LaTeX Font Info:    Checking defaults for C80/song/m/n on input line 20.
LaTeX Font Info:    ... okay on input line 20.
LaTeX Font Info:    Checking defaults for C81/song/m/n on input line 20.
LaTeX Font Info:    ... okay on input line 20.
LaTeX Font Info:    Checking defaults for C01/song/m/n on input line 20.
LaTeX Font Info:    ... okay on input line 20.
LaTeX Font Info:    Checking defaults for C11/song/m/n on input line 20.
LaTeX Font Info:    ... okay on input line 20.
LaTeX Font Info:    Checking defaults for C21/song/m/n on input line 20.
LaTeX Font Info:    ... okay on input line 20.
LaTeX Font Info:    Checking defaults for C41/song/m/n on input line 20.
LaTeX Font Info:    ... okay on input line 20.
LaTeX Font Info:    Checking defaults for C62/song/m/n on input line 20.
LaTeX Font Info:    ... okay on input line 20.

*geometry* driver: auto-detecting
*geometry* detected driver: pdftex
*geometry* verbose mode - [ preamble ] result:
* driver: pdftex
* paper: a4paper
* layout: <same size as paper>
* layoutoffset:(h,v)=(0.0pt,0.0pt)
* modes: 
* h-part:(L,W,R)=(71.13188pt, 455.24411pt, 71.13188pt)
* v-part:(T,H,B)=(71.13188pt, 702.78308pt, 71.13188pt)
* \paperwidth=597.50787pt
* \paperheight=845.04684pt
* \textwidth=455.24411pt
* \textheight=702.78308pt
* \oddsidemargin=-1.1381pt
* \evensidemargin=-1.1381pt
* \topmargin=-38.1381pt
* \headheight=12.0pt
* \headsep=25.0pt
* \topskip=10.0pt
* \footskip=30.0pt
* \marginparwidth=57.0pt
* \marginparsep=11.0pt
* \columnsep=10.0pt
* \skip\footins=9.0pt plus 4.0pt minus 2.0pt
* \hoffset=0.0pt
* \voffset=0.0pt
* \mag=1000
* \@twocolumnfalse
* \@twosidefalse
* \@mparswitchfalse
* \@reversemarginfalse
* (1in=72.27pt=25.4mm, 1cm=28.453pt)

("D:\Program Files\CTEX\MiKTeX\tex\context\base\supp-pdf.mkii"
[Loading MPS to PDF converter (version 2006.09.02).]
\scratchcounter=\count126
\scratchdimen=\dimen145
\scratchbox=\box34
\nofMPsegments=\count127
\nofMParguments=\count128
\everyMPshowfont=\toks37
\MPscratchCnt=\count129
\MPscratchDim=\dimen146
\MPnumerator=\count130
\makeMPintoPDFobject=\count131
\everyMPtoPDFconversion=\toks38
) (E:\CTGUMCM2014\Problem6\LaTeX\declaration.tex
("D:\Program Files\CTEX\MiKTeX\tex\latex\cjk\standard.bdg"
File: standard.bdg 2008/12/29 4.8.2
)
("D:\Program Files\CTEX\MiKTeX\tex\latex\cjk\extended.enc"
File: extended.enc 2008/12/29 4.8.2
)
("D:\Program Files\CTEX\MiKTeX\tex\latex\cjk\extended.chr"
File: extended.chr 2008/12/29 4.8.2
)
("D:\Program Files\CTEX\CTeX\tex\latex\CJK\GB\c19hei.fd") (\ziti{B}->gbkhei)
LaTeX Font Info:    Try loading font information for C19+song on input line 3.

("D:\Program Files\CTEX\CTeX\tex\latex\CJK\GB\c19song.fd"
File: c19song.fd 2009/09/23 4.8.2
)

LaTeX Font Warning: Font shape `OT1/cmr/bx/n' in size <15.75> not available
(Font)              size <14.4> substituted on input line 4.

("D:\Program Files\CTEX\CTeX\tex\latex\cct\CCT.sty" 0.61803 [2009/11/20]
LaTeX Info: Redefining \zihaoAny on input line 794.

("D:\Program Files\CTEX\CTeX\tex\latex\cct\CCT.cfg")
("D:\Program Files\CTEX\CTeX\tex\latex\cct\GBKkern.cfg") (\ziti{A}->gbksong)
LaTeX Info: Redefining \CCTchar on input line 1227.
)
Loading punctuation table gbksong.tbl
Overfull \hbox (5.52513pt too wide) in paragraph at lines 16--18
[][][] 
 []

LaTeX Font Info:    Try loading font information for U+msa on input line 27.
("D:\Program Files\CTEX\MiKTeX\tex\latex\amsfonts\umsa.fd"
File: umsa.fd 2009/06/22 v3.00 AMS symbols A
)
LaTeX Font Info:    Try loading font information for U+msb on input line 27.

("D:\Program Files\CTEX\MiKTeX\tex\latex\amsfonts\umsb.fd"
File: umsb.fd 2009/06/22 v3.00 AMS symbols B
)
Overfull \hbox (6.73613pt too wide) in paragraph at lines 27--32
[][] 
 []

[1

{D:/Program Files/CTEX/UserData/pdftex/config/pdftex.map{Unicode.sfd}{UGBK.sfd}
}] (\ziti{B}->gbkhei)

LaTeX Font Warning: Font shape `OT1/cmr/m/n' in size <15.75> not available
(Font)              size <14.4> substituted on input line 48.

("D:\Program Files\CTEX\CTeX\tex\latex\cct\CCT.sty" 0.61803 [2009/11/20]
LaTeX Info: Redefining \zihaoAny on input line 794.

("D:\Program Files\CTEX\CTeX\tex\latex\cct\CCT.cfg")
("D:\Program Files\CTEX\CTeX\tex\latex\cct\GBKkern.cfg") (\ziti{A}->gbksong)
LaTeX Info: Redefining \CCTchar on input line 1227.
)
Underfull \hbox (badness 10000) in paragraph at lines 59--59
[]\gbksong52-12 µ
 []


Underfull \hbox (badness 10000) in paragraph at lines 59--59
\gbksong63-12 
 []


Underfull \hbox (badness 10000) in paragraph at lines 71--71
[]\gbksong52-12 µ
 []


Underfull \hbox (badness 10000) in paragraph at lines 74--74
[]\gbksong37-12 
 []

) [2] (\ziti{B}->gbkhei)
Warning: font `bs' not found, trying alternative font `hei'
(\ziti{E}->gbkhei) Loading punctuation table gbkhei.tbl [1

]

LaTeX Font Warning: Font shape `OT1/cmr/m/n' in size <13.75> not available
(Font)              size <14.4> substituted on input line 61.

[2] [3] [4] ("D:\Program Files\CTEX\CTeX\tex\latex\CJK\GB\c19kai.fd")
(\ziti{C}->gbkkai) [5] (E:\CTGUMCM2014\Problem6\LaTeX\paper.aux)

LaTeX Font Warning: Size substitutions with differences
(Font)              up to 1.35pt have occurred.

 ) 
Here is how much of TeX's memory you used:
 6385 strings out of 495354
 81461 string characters out of 3183076
 203226 words of memory out of 3000000
 9346 multiletter control sequences out of 15000+200000
 64401 words of font info for 223 fonts, out of 3000000 for 9000
 14 hyphenation exceptions out of 8191
 35i,10n,35p,817b,396s stack positions out of 5000i,500n,10000p,200000b,50000s
<C:/WINDOWS/Fonts/simhei.ttf><C:/WINDOWS/Fonts/simhei.ttf><C:/WINDOWS/Fonts/s
imhei.ttf><C:/WINDOWS/Fonts/simhei.ttf><C:/WINDOWS/Fonts/simhei.ttf><C:/WINDOWS
/Fonts/simhei.ttf><C:/WINDOWS/Fonts/simhei.ttf><C:/WINDOWS/Fonts/simhei.ttf><C:
/WINDOWS/Fonts/simhei.ttf><C:/WINDOWS/Fonts/simhei.ttf><D:/Program Files/CTEX/C
TeX/fonts/truetype/chinese/simsun.ttf><C:/WINDOWS/Fonts/simhei.ttf><C:/WINDOWS/
Fonts/simhei.ttf><C:/WINDOWS/Fonts/simhei.ttf><C:/WINDOWS/Fonts/simhei.ttf><C:/
WINDOWS/Fonts/simhei.ttf><C:/WINDOWS/Fonts/simhei.ttf><C:/WINDOWS/Fonts/simhei.
ttf><C:/WINDOWS/Fonts/simhei.ttf><C:/WINDOWS/Fonts/simhei.ttf><C:/WINDOWS/Fonts
/simhei.ttf><C:/WINDOWS/Fonts/simhei.ttf><C:/WINDOWS/Fonts/simhei.ttf><C:/WINDO
WS/Fonts/simhei.ttf><C:/WINDOWS/Fonts/simhei.ttf><C:/WINDOWS/Fonts/simhei.ttf><
C:/WINDOWS/Fonts/simhei.ttf><C:/WINDOWS/Fonts/simhei.ttf><C:/WINDOWS/Fonts/simh
ei.ttf><C:/WINDOWS/Fonts/simhei.ttf><C:/WINDOWS/Fonts/simhei.ttf><C:/WINDOWS/Fo
nts/simhei.ttf><C:/WINDOWS/Fonts/simhei.ttf><D:/Program Files/CTEX/CTeX/fonts/t
ruetype/chinese/simsun.ttf><D:/Program Files/CTEX/CTeX/fonts/truetype/chinese/s
imsun.ttf><D:/Program Files/CTEX/CTeX/fonts/truetype/chinese/simsun.ttf><D:/Pro
gram Files/CTEX/CTeX/fonts/truetype/chinese/simsun.ttf><D:/Program Files/CTEX/C
TeX/fonts/truetype/chinese/simsun.ttf><D:/Program Files/CTEX/CTeX/fonts/truetyp
e/chinese/simsun.ttf><D:/Program Files/CTEX/CTeX/fonts/truetype/chinese/simsun.
ttf><D:/Program Files/CTEX/CTeX/fonts/truetype/chinese/simsun.ttf><D:/Program F
iles/CTEX/CTeX/fonts/truetype/chinese/simsun.ttf><D:/Program Files/CTEX/CTeX/fo
nts/truetype/chinese/simsun.ttf><D:/Program Files/CTEX/CTeX/fonts/truetype/chin
ese/simsun.ttf><D:/Program Files/CTEX/CTeX/fonts/truetype/chinese/simsun.ttf><D
:/Program Files/CTEX/CTeX/fonts/truetype/chinese/simsun.ttf><D:/Program Files/C
TEX/CTeX/fonts/truetype/chinese/simsun.ttf><D:/Program Files/CTEX/CTeX/fonts/tr
uetype/chinese/simsun.ttf><D:/Program Files/CTEX/CTeX/fonts/truetype/chinese/si
msun.ttf><D:/Program Files/CTEX/CTeX/fonts/truetype/chinese/simsun.ttf><D:/Prog
ram Files/CTEX/CTeX/fonts/truetype/chinese/simsun.ttf><D:/Program Files/CTEX/CT
eX/fonts/truetype/chinese/simsun.ttf><D:/Program Files/CTEX/CTeX/fonts/truetype
/chinese/simsun.ttf><D:/Program Files/CTEX/CTeX/fonts/truetype/chinese/simsun.t
tf><D:/Program Files/CTEX/CTeX/fonts/truetype/chinese/simsun.ttf><D:/Program Fi
les/CTEX/CTeX/fonts/truetype/chinese/simsun.ttf><D:/Program Files/CTEX/CTeX/fon
ts/truetype/chinese/simsun.ttf><D:/Program Files/CTEX/CTeX/fonts/truetype/chine
se/simsun.ttf><D:/Program Files/CTEX/CTeX/fonts/truetype/chinese/simsun.ttf><D:
/Program Files/CTEX/CTeX/fonts/truetype/chinese/simsun.ttf><D:/Program Files/CT
EX/CTeX/fonts/truetype/chinese/simsun.ttf><D:/Program Files/CTEX/CTeX/fonts/tru
etype/chinese/simsun.ttf><D:/Program Files/CTEX/CTeX/fonts/truetype/chinese/sim
sun.ttf><D:/Program Files/CTEX/CTeX/fonts/truetype/chinese/simsun.ttf><D:/Progr
am Files/CTEX/CTeX/fonts/truetype/chinese/simsun.ttf><D:/Program Files/CTEX/CTe
X/fonts/truetype/chinese/simsun.ttf><D:/Program Files/CTEX/MiKTeX/fonts/type1/p
ublic/amsfonts/cm/cmbx10.pfb><D:/Program Files/CTEX/MiKTeX/fonts/type1/public/a
msfonts/cm/cmbx12.pfb><D:/Program Files/CTEX/MiKTeX/fonts/type1/public/amsfonts
/cm/cmbx6.pfb><D:/Program Files/CTEX/MiKTeX/fonts/type1/public/amsfonts/cm/cmbx
9.pfb><D:/Program Files/CTEX/MiKTeX/fonts/type1/public/amsfonts/cm/cmex10.pfb><
D:/Program Files/CTEX/MiKTeX/fonts/type1/public/amsfonts/cm/cmmi10.pfb><D:/Prog
ram Files/CTEX/MiKTeX/fonts/type1/public/amsfonts/cm/cmmi7.pfb><D:/Program File
s/CTEX/MiKTeX/fonts/type1/public/amsfonts/cmextra/cmmib9.pfb><D:/Program Files/
CTEX/MiKTeX/fonts/type1/public/amsfonts/cm/cmr10.pfb><D:/Program Files/CTEX/MiK
TeX/fonts/type1/public/amsfonts/cm/cmr12.pfb><D:/Program Files/CTEX/MiKTeX/font
s/type1/public/amsfonts/cm/cmr7.pfb><D:/Program Files/CTEX/MiKTeX/fonts/type1/p
ublic/amsfonts/cm/cmr9.pfb><D:/Program Files/CTEX/MiKTeX/fonts/type1/public/ams
fonts/cm/cmsy10.pfb><D:/Program Files/CTEX/MiKTeX/fonts/type1/public/amsfonts/c
m/cmsy7.pfb><D:/Program Files/CTEX/MiKTeX/fonts/type1/public/amsfonts/cm/cmtt9.
pfb>
Output written on paper.pdf (7 pages, 433344 bytes).
PDF statistics:
 350 PDF objects out of 1000 (max. 8388607)
 0 named destinations out of 1000 (max. 500000)
 1 words of extra memory for PDF output out of 10000 (max. 10000000)

